<?xml version="1.0" encoding="UTF-8"?>
<testsuite name="com.documents.tarefas.controller.TarefaControllerTest" tests="7" skipped="0" failures="0" errors="0" timestamp="2025-08-27T18:29:47" hostname="MARKIN10SANCHES" time="0.581">
  <properties/>
  <testcase name="excluirTarefa_DeveRetornar204QuandoExcluidaComSucesso()" classname="com.documents.tarefas.controller.TarefaControllerTest" time="0.191"/>
  <testcase name="listarTarefas_DeveRetornar200ComPaginaVazia()" classname="com.documents.tarefas.controller.TarefaControllerTest" time="0.076"/>
  <testcase name="buscarPorId_DeveRetornar200QuandoTarefaExiste()" classname="com.documents.tarefas.controller.TarefaControllerTest" time="0.115"/>
  <testcase name="criarTarefa_DeveRetornar201QuandoCriadaComSucesso()" classname="com.documents.tarefas.controller.TarefaControllerTest" time="0.122"/>
  <testcase name="marcarComoConcluida_DeveRetornar200QuandoSucesso()" classname="com.documents.tarefas.controller.TarefaControllerTest" time="0.007"/>
  <testcase name="healthCheck_DeveRetornar200()" classname="com.documents.tarefas.controller.TarefaControllerTest" time="0.014"/>
  <testcase name="criarTarefa_DeveRetornar400QuandoDadosInvalidos()" classname="com.documents.tarefas.controller.TarefaControllerTest" time="0.041"/>
  <system-out><![CDATA[2025-08-27T15:29:45.916-03:00  INFO 10944 --- [    Test worker] t.c.s.AnnotationConfigContextLoaderUtils : Could not detect default configuration classes for test class [com.documents.tarefas.controller.TarefaControllerTest]: TarefaControllerTest does not declare any static, non-private, non-final, nested classes annotated with @Configuration.
2025-08-27T15:29:45.969-03:00  INFO 10944 --- [    Test worker] .b.t.c.SpringBootTestContextBootstrapper : Found @SpringBootConfiguration com.documents.tarefas.TarefasApplication for test class com.documents.tarefas.controller.TarefaControllerTest

  .   ____          _            __ _ _
 /\\ / ___'_ __ _ _(_)_ __  __ _ \ \ \ \
( ( )\___ | '_ | '_| | '_ \/ _` | \ \ \ \
 \\/  ___)| |_)| | | | | || (_| |  ) ) ) )
  '  |____| .__|_| |_|_| |_\__, | / / / /
 =========|_|==============|___/=/_/_/_/
 :: Spring Boot ::                (v3.1.5)

2025-08-27T15:29:46.271-03:00  INFO 10944 --- [    Test worker] c.d.t.controller.TarefaControllerTest    : Starting TarefaControllerTest using Java 17.0.9 with PID 10944 (started by 55179 in C:\Users\55179\Documents\Trabalho\myProjects\tarefas)
2025-08-27T15:29:46.271-03:00  INFO 10944 --- [    Test worker] c.d.t.controller.TarefaControllerTest    : No active profile set, falling back to 1 default profile: "default"
2025-08-27T15:29:47.263-03:00  INFO 10944 --- [    Test worker] o.s.b.t.m.w.SpringBootMockServletContext : Initializing Spring TestDispatcherServlet ''
2025-08-27T15:29:47.264-03:00  INFO 10944 --- [    Test worker] o.s.t.web.servlet.TestDispatcherServlet  : Initializing Servlet ''
2025-08-27T15:29:47.269-03:00  INFO 10944 --- [    Test worker] o.s.t.web.servlet.TestDispatcherServlet  : Completed initialization in 2 ms
2025-08-27T15:29:47.524-03:00  INFO 10944 --- [    Test worker] c.d.t.controller.TarefaControllerTest    : Started TarefaControllerTest in 1.55 seconds (process running for 11.89)
2025-08-27T15:29:47.664-03:00  INFO 10944 --- [    Test worker] c.d.tarefas.controller.TarefaController  : Recebendo requisição para excluir tarefa com ID: 1
2025-08-27T15:29:47.768-03:00  INFO 10944 --- [    Test worker] c.d.tarefas.controller.TarefaController  : Recebendo requisição para listar tarefas - Page: 0, Size: 10, Sort: dataCriacao
2025-08-27T15:29:47.834-03:00  INFO 10944 --- [    Test worker] c.d.tarefas.controller.TarefaController  : Recebendo requisição para buscar tarefa com ID: 1
2025-08-27T15:29:48.055-03:00  INFO 10944 --- [    Test worker] c.d.tarefas.controller.TarefaController  : Recebendo requisição para criar tarefa: Nova Tarefa
2025-08-27T15:29:48.068-03:00  INFO 10944 --- [    Test worker] c.d.tarefas.controller.TarefaController  : Recebendo requisição para marcar tarefa como concluída. ID: 1
2025-08-27T15:29:48.118-03:00 ERROR 10944 --- [    Test worker] c.d.t.exception.GlobalExceptionHandler   : Erro de validação: Validation failed for argument [0] in public org.springframework.http.ResponseEntity<com.documents.tarefas.dto.TarefaDTO> com.documents.tarefas.controller.TarefaController.criarTarefa(com.documents.tarefas.dto.CriarTarefaRequest) with 2 errors: [Field error in object 'criarTarefaRequest' on field 'titulo': rejected value []; codes [Size.criarTarefaRequest.titulo,Size.titulo,Size.java.lang.String,Size]; arguments [org.springframework.context.support.DefaultMessageSourceResolvable: codes [criarTarefaRequest.titulo,titulo]; arguments []; default message [titulo],100,3]; default message [O título deve ter entre 3 e 100 caracteres]] [Field error in object 'criarTarefaRequest' on field 'titulo': rejected value []; codes [NotBlank.criarTarefaRequest.titulo,NotBlank.titulo,NotBlank.java.lang.String,NotBlank]; arguments [org.springframework.context.support.DefaultMessageSourceResolvable: codes [criarTarefaRequest.titulo,titulo]; arguments []; default message [titulo]]; default message [O título é obrigatório]] 
]]></system-out>
  <system-err><![CDATA[]]></system-err>
</testsuite>
